<?xml version="1.0" encoding="UTF-8"?>
<!-- Generated by org.testng.reporters.JUnitReportReporter -->
<testsuite hostname="Sohel-PC" failures="0" tests="1" name="automation_test.mortgage_calculator.CalculateMonthlyPayment" time="17.695" errors="0" timestamp="2021-03-01T23:14:07 EST" skipped="0">
  <testcase classname="automation_test.mortgage_calculator.CalculateMonthlyPayment" name="calculateRate" time="17.695"/>
  <system-out/>
</testsuite> <!-- automation_test.mortgage_calculator.CalculateMonthlyPayment -->
